5.9642 	WARNING 	We strongly recommend you activate the PTB sound engine in PsychoPy prefs as the preferred audio engine. Its timing is vastly superior. Your prefs are currently set to use ['sounddevice', 'PTB', 'pyo', 'pygame'] (in that order).
18.4609 	WARNING 	User requested fullscreen with size [1024  768], but screen is actually [1920, 1080]. Using actual size
22.0112 	EXP 	Created window1 = Window(allowGUI=True, allowStencil=False, autoLog=True, backendConf=UNKNOWN, bitsMode=UNKNOWN, blendMode='avg', bpc=(8, 8, 8), color=array([0, 0, 0]), colorSpace='rgb', depthBits=8, fullscr=<method-wrapper '__getattribute__' of attributeSetter object at 0x000001C258C6B0D0>, gamma=None, gammaErrorPolicy='raise', lms=UNKNOWN, monitor=<psychopy.monitors.calibTools.Monitor object at 0x000001C259B8FC70>, multiSample=False, name='window1', numSamples=2, pos=(0, 0), screen=0, size=array([1920, 1080]), stencilBits=0, stereo=False, units='height', useFBO=True, useRetina=False, viewOri=0.0, viewPos=None, viewScale=None, waitBlanking=True, winType='pyglet')
22.0114 	EXP 	window1: mouseVisible = True
22.0116 	EXP 	window1: mouseVisible = False
22.0117 	EXP 	window1: Attempting to measure frame rate of screen (0) ...
22.0117 	EXP 	window1: recordFrameIntervals = False
22.1772 	EXP 	window1: recordFrameIntervals = True
22.3607 	EXP 	Screen (0) actual frame rate measured at 60.05Hz
22.3608 	EXP 	window1: recordFrameIntervals = False
26.1877 	EXP 	Created fixation = ShapeStim(__class__=<class 'psychopy.visual.shape.ShapeStim'>, anchor=('center', 'center'), autoDraw=False, autoLog=True, closeShape=True, color=method-wrapper(...), colorSpace='rgb', contrast=None, depth=0.0, fillColor=array([1, 1, 1]), fillColorSpace='rgb', fillRGB=array([1, 1, 1]), interpolate=True, lineColor=array([1, 1, 1]), lineColorSpace='rgb', lineRGB=array([1, 1, 1]), lineWidth=1.0, name='fixation', opacity=1.0, ori=0.0, pos=array([0., 0.]), size=array([10., 10.]), units='pix', vertices=ndarray(...), win=Window(...), windingRule=None)
26.2181 	EXP 	Created grating = GratingStim(__class__=<class 'psychopy.visual.grating.GratingStim'>, anchor='center', autoDraw=False, autoLog=True, blendmode='avg', color=array([0.3, 0.3, 0.3]), colorSpace='rgb', contrast=0.3, depth=-1.0, interpolate=True, mask='gauss', maskParams=None, name='grating', opacity=1.0, ori=1.0, phase=array([0., 0.]), pos=array([0., 0.]), rgbPedestal=array([0., 0., 0.]), sf=array([5., 5.]), size=array([0.2, 0.2]), tex='sin', texRes=128.0, units='height', win=Window(...))
26.2232 	EXP 	Created sequence: random, trialTypes=1, nReps=100, seed=None
26.2244 	EXP 	New trial (rep=0, index=0): None
26.2427 	EXP 	grating: ori = 3.0
26.2427 	EXP 	fixation: autoDraw = True
27.2800 	EXP 	grating: autoDraw = True
27.2800 	EXP 	grating: tex = 'sin'
27.2851 	EXP 	fixation: autoDraw = False
27.5923 	EXP 	grating: autoDraw = False
28.4164 	EXP 	New trial (rep=1, index=0): None
28.4197 	DATA 	Keypress: up
28.4256 	EXP 	fixation: autoDraw = False
28.4256 	EXP 	grating: autoDraw = False
28.4256 	EXP 	grating: ori = 0.0
28.4256 	EXP 	fixation: autoDraw = True
29.4258 	EXP 	fixation: autoDraw = False
29.4258 	EXP 	grating: autoDraw = True
29.7251 	EXP 	grating: autoDraw = False
30.0128 	EXP 	New trial (rep=2, index=0): None
30.0144 	DATA 	Keypress: up
30.0250 	EXP 	fixation: autoDraw = False
30.0250 	EXP 	grating: autoDraw = False
30.0250 	EXP 	grating: ori = 0.0
30.0250 	EXP 	fixation: autoDraw = True
31.0255 	EXP 	fixation: autoDraw = False
31.0255 	EXP 	grating: autoDraw = True
31.3248 	EXP 	grating: autoDraw = False
31.5311 	EXP 	New trial (rep=3, index=0): None
31.5331 	DATA 	Keypress: up
31.5415 	EXP 	fixation: autoDraw = False
31.5415 	EXP 	grating: autoDraw = False
31.5415 	EXP 	grating: ori = -4.0
31.5415 	EXP 	fixation: autoDraw = True
32.5414 	EXP 	fixation: autoDraw = False
32.5414 	EXP 	grating: autoDraw = True
32.8412 	EXP 	grating: autoDraw = False
33.2803 	EXP 	New trial (rep=4, index=0): None
33.2822 	DATA 	Keypress: down
33.2912 	EXP 	fixation: autoDraw = False
33.2912 	EXP 	grating: autoDraw = False
33.2912 	EXP 	grating: ori = 0.0
33.2912 	EXP 	fixation: autoDraw = True
34.2910 	EXP 	fixation: autoDraw = False
34.2910 	EXP 	grating: autoDraw = True
34.5906 	EXP 	grating: autoDraw = False
35.1782 	EXP 	New trial (rep=5, index=0): None
35.1798 	DATA 	Keypress: up
35.1905 	EXP 	fixation: autoDraw = False
35.1905 	EXP 	grating: autoDraw = False
35.1905 	EXP 	grating: ori = 4.0
35.1905 	EXP 	fixation: autoDraw = True
36.1904 	EXP 	fixation: autoDraw = False
36.1904 	EXP 	grating: autoDraw = True
36.4902 	EXP 	grating: autoDraw = False
36.6462 	EXP 	New trial (rep=6, index=0): None
36.6484 	DATA 	Keypress: down
36.6569 	EXP 	fixation: autoDraw = False
36.6569 	EXP 	grating: autoDraw = False
36.6569 	EXP 	grating: ori = 1.0
36.6569 	EXP 	fixation: autoDraw = True
37.6569 	EXP 	fixation: autoDraw = False
37.6569 	EXP 	grating: autoDraw = True
37.9569 	EXP 	grating: autoDraw = False
38.4122 	EXP 	New trial (rep=7, index=0): None
38.4145 	DATA 	Keypress: up
38.4230 	EXP 	fixation: autoDraw = False
38.4230 	EXP 	grating: autoDraw = False
38.4230 	EXP 	grating: ori = 4.0
38.4230 	EXP 	fixation: autoDraw = True
39.4230 	EXP 	fixation: autoDraw = False
39.4230 	EXP 	grating: autoDraw = True
39.7227 	EXP 	grating: autoDraw = False
40.3117 	EXP 	New trial (rep=8, index=0): None
40.3137 	DATA 	Keypress: down
40.3228 	EXP 	fixation: autoDraw = False
40.3228 	EXP 	grating: autoDraw = False
40.3228 	EXP 	grating: ori = 0.0
40.3228 	EXP 	fixation: autoDraw = True
41.3231 	EXP 	fixation: autoDraw = False
41.3231 	EXP 	grating: autoDraw = True
41.6222 	EXP 	grating: autoDraw = False
42.1286 	EXP 	New trial (rep=9, index=0): None
42.1305 	DATA 	Keypress: up
42.1391 	EXP 	fixation: autoDraw = False
42.1391 	EXP 	grating: autoDraw = False
42.1391 	EXP 	grating: ori = -1.0
42.1391 	EXP 	fixation: autoDraw = True
43.1390 	EXP 	fixation: autoDraw = False
43.1390 	EXP 	grating: autoDraw = True
43.4389 	EXP 	grating: autoDraw = False
43.9903 	DATA 	Keypress: up
44.0107 	EXP 	New trial (rep=10, index=0): None
44.0218 	EXP 	fixation: autoDraw = False
44.0218 	EXP 	grating: autoDraw = False
44.0218 	EXP 	grating: ori = 0.0
44.0218 	EXP 	fixation: autoDraw = True
45.0218 	EXP 	fixation: autoDraw = False
45.0218 	EXP 	grating: autoDraw = True
45.3217 	EXP 	grating: autoDraw = False
45.7769 	EXP 	New trial (rep=11, index=0): None
45.7786 	DATA 	Keypress: down
45.7880 	EXP 	fixation: autoDraw = False
45.7880 	EXP 	grating: autoDraw = False
45.7880 	EXP 	grating: ori = -2.0
45.7880 	EXP 	fixation: autoDraw = True
46.7880 	EXP 	fixation: autoDraw = False
46.7880 	EXP 	grating: autoDraw = True
47.0879 	EXP 	grating: autoDraw = False
54.9082 	EXP 	New trial (rep=12, index=0): None
54.9102 	DATA 	Keypress: up
54.9191 	EXP 	fixation: autoDraw = False
54.9191 	EXP 	grating: autoDraw = False
54.9191 	EXP 	grating: ori = 0.0
54.9191 	EXP 	fixation: autoDraw = True
55.9191 	EXP 	fixation: autoDraw = False
55.9191 	EXP 	grating: autoDraw = True
56.2189 	EXP 	grating: autoDraw = False
56.7398 	DATA 	Keypress: up
56.7587 	EXP 	New trial (rep=13, index=0): None
56.7687 	EXP 	fixation: autoDraw = False
56.7687 	EXP 	grating: autoDraw = False
56.7687 	EXP 	grating: ori = 0.0
56.7687 	EXP 	fixation: autoDraw = True
57.7686 	EXP 	fixation: autoDraw = False
57.7686 	EXP 	grating: autoDraw = True
58.0685 	EXP 	grating: autoDraw = False
58.2593 	EXP 	New trial (rep=14, index=0): None
58.2611 	DATA 	Keypress: up
58.2687 	EXP 	fixation: autoDraw = False
58.2687 	EXP 	grating: autoDraw = False
58.2687 	EXP 	grating: ori = 0.0
58.2687 	EXP 	fixation: autoDraw = True
59.2684 	EXP 	fixation: autoDraw = False
59.2684 	EXP 	grating: autoDraw = True
59.5680 	EXP 	grating: autoDraw = False
59.8391 	DATA 	Keypress: up
59.8604 	EXP 	New trial (rep=15, index=0): None
59.8683 	EXP 	fixation: autoDraw = False
59.8683 	EXP 	grating: autoDraw = False
59.8683 	EXP 	grating: ori = 0.0
59.8683 	EXP 	fixation: autoDraw = True
60.8678 	EXP 	fixation: autoDraw = False
60.8678 	EXP 	grating: autoDraw = True
61.1679 	EXP 	grating: autoDraw = False
61.2708 	DATA 	Keypress: up
61.2903 	EXP 	New trial (rep=16, index=0): None
61.3011 	EXP 	fixation: autoDraw = False
61.3011 	EXP 	grating: autoDraw = False
61.3011 	EXP 	grating: ori = -4.0
61.3011 	EXP 	fixation: autoDraw = True
62.3011 	EXP 	fixation: autoDraw = False
62.3011 	EXP 	grating: autoDraw = True
62.6007 	EXP 	grating: autoDraw = False
63.1361 	DATA 	Keypress: down
63.1532 	EXP 	New trial (rep=17, index=0): None
63.1674 	EXP 	fixation: autoDraw = False
63.1674 	EXP 	grating: autoDraw = False
63.1674 	EXP 	grating: ori = 2.0
63.1674 	EXP 	fixation: autoDraw = True
64.1671 	EXP 	fixation: autoDraw = False
64.1671 	EXP 	grating: autoDraw = True
64.4668 	EXP 	grating: autoDraw = False
65.5052 	EXP 	New trial (rep=18, index=0): None
65.5070 	DATA 	Keypress: down
65.5169 	EXP 	fixation: autoDraw = False
65.5169 	EXP 	grating: autoDraw = False
65.5169 	EXP 	grating: ori = 0.0
65.5169 	EXP 	fixation: autoDraw = True
66.5168 	EXP 	fixation: autoDraw = False
66.5168 	EXP 	grating: autoDraw = True
66.8164 	EXP 	grating: autoDraw = False
67.2893 	EXP 	New trial (rep=19, index=0): None
67.2915 	DATA 	Keypress: up
67.2995 	EXP 	fixation: autoDraw = False
67.2995 	EXP 	grating: autoDraw = False
67.2995 	EXP 	grating: ori = 1.0
67.2995 	EXP 	fixation: autoDraw = True
68.2997 	EXP 	fixation: autoDraw = False
68.2997 	EXP 	grating: autoDraw = True
68.5991 	EXP 	grating: autoDraw = False
69.0722 	EXP 	New trial (rep=20, index=0): None
69.0741 	DATA 	Keypress: up
69.0827 	EXP 	fixation: autoDraw = False
69.0827 	EXP 	grating: autoDraw = False
69.0827 	EXP 	grating: ori = 0.0
69.0827 	EXP 	fixation: autoDraw = True
70.0825 	EXP 	fixation: autoDraw = False
70.0825 	EXP 	grating: autoDraw = True
70.3823 	EXP 	grating: autoDraw = False
70.7029 	EXP 	New trial (rep=21, index=0): None
70.7048 	DATA 	Keypress: up
70.7154 	EXP 	fixation: autoDraw = False
70.7154 	EXP 	grating: autoDraw = False
70.7154 	EXP 	grating: ori = 0.0
70.7154 	EXP 	fixation: autoDraw = True
71.7153 	EXP 	fixation: autoDraw = False
71.7153 	EXP 	grating: autoDraw = True
72.0152 	EXP 	grating: autoDraw = False
72.3029 	EXP 	New trial (rep=22, index=0): None
72.3048 	DATA 	Keypress: up
72.3149 	EXP 	fixation: autoDraw = False
72.3149 	EXP 	grating: autoDraw = False
72.3149 	EXP 	grating: ori = 2.0
72.3149 	EXP 	fixation: autoDraw = True
73.3151 	EXP 	fixation: autoDraw = False
73.3151 	EXP 	grating: autoDraw = True
73.6148 	EXP 	grating: autoDraw = False
73.9699 	EXP 	New trial (rep=23, index=0): None
73.9716 	DATA 	Keypress: up
73.9816 	EXP 	fixation: autoDraw = False
73.9816 	EXP 	grating: autoDraw = False
73.9816 	EXP 	grating: ori = -4.0
73.9816 	EXP 	fixation: autoDraw = True
74.9816 	EXP 	fixation: autoDraw = False
74.9816 	EXP 	grating: autoDraw = True
75.2810 	EXP 	grating: autoDraw = False
75.7509 	EXP 	New trial (rep=24, index=0): None
75.7521 	DATA 	Keypress: down
75.7641 	EXP 	fixation: autoDraw = False
75.7641 	EXP 	grating: autoDraw = False
75.7641 	EXP 	grating: ori = 2.0
75.7641 	EXP 	fixation: autoDraw = True
76.7641 	EXP 	fixation: autoDraw = False
76.7641 	EXP 	grating: autoDraw = True
77.0641 	EXP 	grating: autoDraw = False
77.7528 	EXP 	New trial (rep=25, index=0): None
77.7550 	DATA 	Keypress: down
77.7639 	EXP 	fixation: autoDraw = False
77.7639 	EXP 	grating: autoDraw = False
77.7639 	EXP 	grating: ori = 0.0
77.7639 	EXP 	fixation: autoDraw = True
78.7636 	EXP 	fixation: autoDraw = False
78.7636 	EXP 	grating: autoDraw = True
79.0635 	EXP 	grating: autoDraw = False
79.8504 	EXP 	New trial (rep=26, index=0): None
79.8526 	DATA 	Keypress: up
79.8631 	EXP 	fixation: autoDraw = False
79.8631 	EXP 	grating: autoDraw = False
79.8631 	EXP 	grating: ori = 0.0
79.8631 	EXP 	fixation: autoDraw = True
80.8632 	EXP 	fixation: autoDraw = False
80.8632 	EXP 	grating: autoDraw = True
81.1633 	EXP 	grating: autoDraw = False
81.6498 	EXP 	New trial (rep=27, index=0): None
81.6513 	DATA 	Keypress: down
81.6628 	EXP 	fixation: autoDraw = False
81.6628 	EXP 	grating: autoDraw = False
81.6628 	EXP 	grating: ori = 0.0
81.6628 	EXP 	fixation: autoDraw = True
82.6627 	EXP 	fixation: autoDraw = False
82.6627 	EXP 	grating: autoDraw = True
82.9628 	EXP 	grating: autoDraw = False
83.3350 	EXP 	New trial (rep=28, index=0): None
83.3370 	DATA 	Keypress: up
83.3461 	EXP 	fixation: autoDraw = False
83.3461 	EXP 	grating: autoDraw = False
83.3461 	EXP 	grating: ori = 0.0
83.3461 	EXP 	fixation: autoDraw = True
84.3457 	EXP 	fixation: autoDraw = False
84.3457 	EXP 	grating: autoDraw = True
84.6455 	EXP 	grating: autoDraw = False
85.0002 	EXP 	New trial (rep=29, index=0): None
85.0021 	DATA 	Keypress: up
85.0120 	EXP 	fixation: autoDraw = False
85.0120 	EXP 	grating: autoDraw = False
85.0120 	EXP 	grating: ori = 0.0
85.0120 	EXP 	fixation: autoDraw = True
86.0118 	EXP 	fixation: autoDraw = False
86.0118 	EXP 	grating: autoDraw = True
86.3117 	EXP 	grating: autoDraw = False
86.6500 	EXP 	New trial (rep=30, index=0): None
86.6520 	DATA 	Keypress: up
86.6616 	EXP 	fixation: autoDraw = False
86.6616 	EXP 	grating: autoDraw = False
86.6616 	EXP 	grating: ori = 0.0
86.6616 	EXP 	fixation: autoDraw = True
87.6613 	EXP 	fixation: autoDraw = False
87.6613 	EXP 	grating: autoDraw = True
87.9613 	EXP 	grating: autoDraw = False
88.3323 	EXP 	New trial (rep=31, index=0): None
88.3343 	DATA 	Keypress: up
88.3447 	EXP 	fixation: autoDraw = False
88.3447 	EXP 	grating: autoDraw = False
88.3447 	EXP 	grating: ori = 0.0
88.3447 	EXP 	fixation: autoDraw = True
89.3444 	EXP 	fixation: autoDraw = False
89.3444 	EXP 	grating: autoDraw = True
89.6448 	EXP 	grating: autoDraw = False
89.9345 	EXP 	New trial (rep=32, index=0): None
89.9371 	DATA 	Keypress: up
89.9442 	EXP 	fixation: autoDraw = False
89.9442 	EXP 	grating: autoDraw = False
89.9442 	EXP 	grating: ori = 1.0
89.9442 	EXP 	fixation: autoDraw = True
90.9443 	EXP 	fixation: autoDraw = False
90.9443 	EXP 	grating: autoDraw = True
91.2439 	EXP 	grating: autoDraw = False
91.4960 	DATA 	Keypress: up
91.5155 	EXP 	New trial (rep=33, index=0): None
91.5271 	EXP 	fixation: autoDraw = False
91.5271 	EXP 	grating: autoDraw = False
91.5271 	EXP 	grating: ori = -4.0
91.5271 	EXP 	fixation: autoDraw = True
92.5270 	EXP 	fixation: autoDraw = False
92.5270 	EXP 	grating: autoDraw = True
92.8270 	EXP 	grating: autoDraw = False
93.2488 	EXP 	New trial (rep=34, index=0): None
93.2509 	DATA 	Keypress: down
93.2599 	EXP 	fixation: autoDraw = False
93.2599 	EXP 	grating: autoDraw = False
93.2599 	EXP 	grating: ori = 1.0
93.2599 	EXP 	fixation: autoDraw = True
94.2600 	EXP 	fixation: autoDraw = False
94.2600 	EXP 	grating: autoDraw = True
94.5597 	EXP 	grating: autoDraw = False
94.8803 	EXP 	New trial (rep=35, index=0): None
94.8818 	DATA 	Keypress: up
94.8930 	EXP 	fixation: autoDraw = False
94.8930 	EXP 	grating: autoDraw = False
94.8930 	EXP 	grating: ori = 0.0
94.8930 	EXP 	fixation: autoDraw = True
95.8929 	EXP 	fixation: autoDraw = False
95.8929 	EXP 	grating: autoDraw = True
96.1928 	EXP 	grating: autoDraw = False
96.4952 	EXP 	New trial (rep=36, index=0): None
96.4964 	DATA 	Keypress: up
96.5094 	EXP 	fixation: autoDraw = False
96.5094 	EXP 	grating: autoDraw = False
96.5094 	EXP 	grating: ori = 0.0
96.5094 	EXP 	fixation: autoDraw = True
97.5091 	EXP 	fixation: autoDraw = False
97.5091 	EXP 	grating: autoDraw = True
97.8090 	EXP 	grating: autoDraw = False
98.0975 	EXP 	New trial (rep=37, index=0): None
98.0990 	DATA 	Keypress: up
98.1090 	EXP 	fixation: autoDraw = False
98.1090 	EXP 	grating: autoDraw = False
98.1090 	EXP 	grating: ori = -2.0
98.1090 	EXP 	fixation: autoDraw = True
99.1088 	EXP 	fixation: autoDraw = False
99.1088 	EXP 	grating: autoDraw = True
99.4088 	EXP 	grating: autoDraw = False
100.0648 	EXP 	New trial (rep=38, index=0): None
100.0669 	DATA 	Keypress: down
100.0750 	EXP 	fixation: autoDraw = False
100.0750 	EXP 	grating: autoDraw = False
100.0750 	EXP 	grating: ori = 2.0
100.0750 	EXP 	fixation: autoDraw = True
101.0749 	EXP 	fixation: autoDraw = False
101.0749 	EXP 	grating: autoDraw = True
101.3748 	EXP 	grating: autoDraw = False
101.8965 	EXP 	New trial (rep=39, index=0): None
101.8985 	DATA 	Keypress: down
101.9081 	EXP 	fixation: autoDraw = False
101.9081 	EXP 	grating: autoDraw = False
101.9081 	EXP 	grating: ori = 2.0
101.9081 	EXP 	fixation: autoDraw = True
102.9083 	EXP 	fixation: autoDraw = False
102.9083 	EXP 	grating: autoDraw = True
103.2078 	EXP 	grating: autoDraw = False
103.8469 	EXP 	New trial (rep=40, index=0): None
103.8491 	DATA 	Keypress: down
103.8576 	EXP 	fixation: autoDraw = False
103.8576 	EXP 	grating: autoDraw = False
103.8576 	EXP 	grating: ori = 2.0
103.8576 	EXP 	fixation: autoDraw = True
104.8580 	EXP 	fixation: autoDraw = False
104.8580 	EXP 	grating: autoDraw = True
105.1575 	EXP 	grating: autoDraw = False
105.9253 	DATA 	Keypress: down
105.9445 	EXP 	New trial (rep=41, index=0): None
105.9574 	EXP 	fixation: autoDraw = False
105.9574 	EXP 	grating: autoDraw = False
105.9574 	EXP 	grating: ori = 0.0
105.9574 	EXP 	fixation: autoDraw = True
106.9569 	EXP 	fixation: autoDraw = False
106.9569 	EXP 	grating: autoDraw = True
107.2567 	EXP 	grating: autoDraw = False
107.4602 	EXP 	New trial (rep=42, index=0): None
107.4615 	DATA 	Keypress: up
107.4732 	EXP 	fixation: autoDraw = False
107.4732 	EXP 	grating: autoDraw = False
107.4732 	EXP 	grating: ori = -2.0
107.4732 	EXP 	fixation: autoDraw = True
108.4733 	EXP 	fixation: autoDraw = False
108.4733 	EXP 	grating: autoDraw = True
108.7732 	EXP 	grating: autoDraw = False
110.0461 	EXP 	New trial (rep=43, index=0): None
110.0482 	DATA 	Keypress: down
110.0564 	EXP 	fixation: autoDraw = False
110.0564 	EXP 	grating: autoDraw = False
110.0564 	EXP 	grating: ori = -2.0
110.0564 	EXP 	fixation: autoDraw = True
111.0562 	EXP 	fixation: autoDraw = False
111.0562 	EXP 	grating: autoDraw = True
111.3560 	EXP 	grating: autoDraw = False
111.9605 	EXP 	New trial (rep=44, index=0): None
111.9621 	DATA 	Keypress: down
111.9722 	EXP 	fixation: autoDraw = False
111.9722 	EXP 	grating: autoDraw = False
111.9722 	EXP 	grating: ori = 0.0
111.9722 	EXP 	fixation: autoDraw = True
112.9722 	EXP 	fixation: autoDraw = False
112.9722 	EXP 	grating: autoDraw = True
113.2720 	EXP 	grating: autoDraw = False
113.9947 	EXP 	New trial (rep=45, index=0): None
113.9967 	DATA 	Keypress: up
114.0054 	EXP 	fixation: autoDraw = False
114.0054 	EXP 	grating: autoDraw = False
114.0054 	EXP 	grating: ori = 0.0
114.0054 	EXP 	fixation: autoDraw = True
115.0055 	EXP 	fixation: autoDraw = False
115.0055 	EXP 	grating: autoDraw = True
115.3048 	EXP 	grating: autoDraw = False
115.6625 	EXP 	New trial (rep=46, index=0): None
115.6641 	DATA 	Keypress: up
115.6717 	EXP 	fixation: autoDraw = False
115.6717 	EXP 	grating: autoDraw = False
115.6717 	EXP 	grating: ori = -5.0
115.6717 	EXP 	fixation: autoDraw = True
116.6717 	EXP 	fixation: autoDraw = False
116.6717 	EXP 	grating: autoDraw = True
116.9711 	EXP 	grating: autoDraw = False
117.2937 	EXP 	New trial (rep=47, index=0): None
117.2953 	DATA 	Keypress: down
117.3043 	EXP 	fixation: autoDraw = False
117.3043 	EXP 	grating: autoDraw = False
117.3043 	EXP 	grating: ori = 0.0
117.3043 	EXP 	fixation: autoDraw = True
118.3042 	EXP 	fixation: autoDraw = False
118.3042 	EXP 	grating: autoDraw = True
118.6040 	EXP 	grating: autoDraw = False
119.1584 	EXP 	New trial (rep=48, index=0): None
119.1602 	DATA 	Keypress: up
119.1708 	EXP 	fixation: autoDraw = False
119.1708 	EXP 	grating: autoDraw = False
119.1708 	EXP 	grating: ori = 0.0
119.1708 	EXP 	fixation: autoDraw = True
120.1709 	EXP 	fixation: autoDraw = False
120.1709 	EXP 	grating: autoDraw = True
120.4704 	EXP 	grating: autoDraw = False
120.9099 	EXP 	New trial (rep=49, index=0): None
120.9117 	DATA 	Keypress: up
120.9201 	EXP 	fixation: autoDraw = False
120.9201 	EXP 	grating: autoDraw = False
120.9201 	EXP 	grating: ori = -5.0
120.9201 	EXP 	fixation: autoDraw = True
121.9204 	EXP 	fixation: autoDraw = False
121.9204 	EXP 	grating: autoDraw = True
122.2198 	EXP 	grating: autoDraw = False
122.6127 	EXP 	New trial (rep=50, index=0): None
122.6153 	DATA 	Keypress: down
122.6197 	EXP 	fixation: autoDraw = False
122.6197 	EXP 	grating: autoDraw = False
122.6197 	EXP 	grating: ori = 0.0
122.6197 	EXP 	fixation: autoDraw = True
123.6196 	EXP 	fixation: autoDraw = False
123.6196 	EXP 	grating: autoDraw = True
123.9193 	EXP 	grating: autoDraw = False
124.3935 	EXP 	New trial (rep=51, index=0): None
124.3960 	DATA 	Keypress: up
124.4027 	EXP 	fixation: autoDraw = False
124.4027 	EXP 	grating: autoDraw = False
124.4027 	EXP 	grating: ori = 0.0
124.4027 	EXP 	fixation: autoDraw = True
125.4026 	EXP 	fixation: autoDraw = False
125.4026 	EXP 	grating: autoDraw = True
125.7024 	EXP 	grating: autoDraw = False
126.3569 	EXP 	New trial (rep=52, index=0): None
126.3586 	DATA 	Keypress: up
126.3690 	EXP 	fixation: autoDraw = False
126.3690 	EXP 	grating: autoDraw = False
126.3690 	EXP 	grating: ori = 0.0
126.3690 	EXP 	fixation: autoDraw = True
127.3692 	EXP 	fixation: autoDraw = False
127.3692 	EXP 	grating: autoDraw = True
127.6686 	EXP 	grating: autoDraw = False
128.0910 	EXP 	New trial (rep=53, index=0): None
128.0930 	DATA 	Keypress: up
128.1022 	EXP 	fixation: autoDraw = False
128.1022 	EXP 	grating: autoDraw = False
128.1022 	EXP 	grating: ori = -4.0
128.1022 	EXP 	fixation: autoDraw = True
129.1017 	EXP 	fixation: autoDraw = False
129.1017 	EXP 	grating: autoDraw = True
129.4014 	EXP 	grating: autoDraw = False
129.7412 	EXP 	New trial (rep=54, index=0): None
129.7440 	DATA 	Keypress: down
129.7514 	EXP 	fixation: autoDraw = False
129.7514 	EXP 	grating: autoDraw = False
129.7514 	EXP 	grating: ori = 2.0
129.7514 	EXP 	fixation: autoDraw = True
130.7512 	EXP 	fixation: autoDraw = False
130.7512 	EXP 	grating: autoDraw = True
131.0513 	EXP 	grating: autoDraw = False
132.1764 	EXP 	New trial (rep=55, index=0): None
132.1794 	DATA 	Keypress: up
132.1844 	EXP 	fixation: autoDraw = False
132.1844 	EXP 	grating: autoDraw = False
132.1844 	EXP 	grating: ori = 0.0
132.1844 	EXP 	fixation: autoDraw = True
133.1844 	EXP 	fixation: autoDraw = False
133.1844 	EXP 	grating: autoDraw = True
133.4842 	EXP 	grating: autoDraw = False
134.3457 	EXP 	New trial (rep=56, index=0): None
134.3508 	DATA 	Keypress: down
134.3538 	EXP 	fixation: autoDraw = False
134.3538 	EXP 	grating: autoDraw = False
134.3538 	EXP 	grating: ori = 0.0
134.3538 	EXP 	fixation: autoDraw = True
135.3502 	EXP 	grating: autoDraw = True
135.3669 	EXP 	fixation: autoDraw = False
135.6500 	EXP 	grating: autoDraw = False
137.2571 	EXP 	New trial (rep=57, index=0): None
137.2589 	DATA 	Keypress: up
137.2664 	EXP 	fixation: autoDraw = False
137.2664 	EXP 	grating: autoDraw = False
137.2664 	EXP 	grating: ori = 0.0
137.2664 	EXP 	fixation: autoDraw = True
138.2662 	EXP 	fixation: autoDraw = False
138.2662 	EXP 	grating: autoDraw = True
138.5661 	EXP 	grating: autoDraw = False
138.9874 	EXP 	New trial (rep=58, index=0): None
138.9889 	DATA 	Keypress: up
138.9991 	EXP 	fixation: autoDraw = False
138.9991 	EXP 	grating: autoDraw = False
138.9991 	EXP 	grating: ori = 0.0
138.9991 	EXP 	fixation: autoDraw = True
139.9994 	EXP 	fixation: autoDraw = False
139.9994 	EXP 	grating: autoDraw = True
140.2990 	EXP 	grating: autoDraw = False
140.4860 	EXP 	New trial (rep=59, index=0): None
140.4874 	DATA 	Keypress: up
140.4987 	EXP 	fixation: autoDraw = False
140.4987 	EXP 	grating: autoDraw = False
140.4987 	EXP 	grating: ori = 0.0
140.4987 	EXP 	fixation: autoDraw = True
141.4991 	EXP 	fixation: autoDraw = False
141.4991 	EXP 	grating: autoDraw = True
141.7987 	EXP 	grating: autoDraw = False
142.0253 	EXP 	New trial (rep=60, index=0): None
142.0275 	DATA 	Keypress: up
142.0318 	EXP 	fixation: autoDraw = False
142.0318 	EXP 	grating: autoDraw = False
142.0318 	EXP 	grating: ori = 0.0
142.0318 	EXP 	fixation: autoDraw = True
143.0320 	EXP 	fixation: autoDraw = False
143.0320 	EXP 	grating: autoDraw = True
143.3314 	EXP 	grating: autoDraw = False
144.0196 	EXP 	New trial (rep=61, index=0): None
144.0216 	DATA 	Keypress: up
144.0312 	EXP 	fixation: autoDraw = False
144.0312 	EXP 	grating: autoDraw = False
144.0312 	EXP 	grating: ori = 0.0
144.0312 	EXP 	fixation: autoDraw = True
145.0311 	EXP 	fixation: autoDraw = False
145.0311 	EXP 	grating: autoDraw = True
145.3313 	EXP 	grating: autoDraw = False
146.0196 	EXP 	New trial (rep=62, index=0): None
146.0208 	DATA 	Keypress: down
146.0310 	EXP 	fixation: autoDraw = False
146.0310 	EXP 	grating: autoDraw = False
146.0310 	EXP 	grating: ori = 0.0
146.0310 	EXP 	fixation: autoDraw = True
147.0310 	EXP 	fixation: autoDraw = False
147.0310 	EXP 	grating: autoDraw = True
147.3307 	EXP 	grating: autoDraw = False
147.8520 	EXP 	New trial (rep=63, index=0): None
147.8537 	DATA 	Keypress: up
147.8636 	EXP 	fixation: autoDraw = False
147.8636 	EXP 	grating: autoDraw = False
147.8636 	EXP 	grating: ori = 4.0
147.8636 	EXP 	fixation: autoDraw = True
148.8635 	EXP 	fixation: autoDraw = False
148.8635 	EXP 	grating: autoDraw = True
149.1634 	EXP 	grating: autoDraw = False
149.5862 	EXP 	New trial (rep=64, index=0): None
149.5879 	DATA 	Keypress: down
149.5967 	EXP 	fixation: autoDraw = False
149.5967 	EXP 	grating: autoDraw = False
149.5967 	EXP 	grating: ori = 0.0
149.5967 	EXP 	fixation: autoDraw = True
150.5968 	EXP 	fixation: autoDraw = False
150.5968 	EXP 	grating: autoDraw = True
150.8966 	EXP 	grating: autoDraw = False
151.3523 	EXP 	New trial (rep=65, index=0): None
151.3540 	DATA 	Keypress: up
151.3631 	EXP 	fixation: autoDraw = False
151.3631 	EXP 	grating: autoDraw = False
151.3631 	EXP 	grating: ori = -1.0
151.3631 	EXP 	fixation: autoDraw = True
152.3628 	EXP 	fixation: autoDraw = False
152.3628 	EXP 	grating: autoDraw = True
152.6627 	EXP 	grating: autoDraw = False
153.1337 	EXP 	New trial (rep=66, index=0): None
153.1359 	DATA 	Keypress: up
153.1459 	EXP 	fixation: autoDraw = False
153.1459 	EXP 	grating: autoDraw = False
153.1459 	EXP 	grating: ori = 2.0
153.1459 	EXP 	fixation: autoDraw = True
154.1456 	EXP 	fixation: autoDraw = False
154.1456 	EXP 	grating: autoDraw = True
154.4455 	EXP 	grating: autoDraw = False
154.7848 	EXP 	New trial (rep=67, index=0): None
154.7868 	DATA 	Keypress: up
154.7959 	EXP 	fixation: autoDraw = False
154.7959 	EXP 	grating: autoDraw = False
154.7959 	EXP 	grating: ori = -3.0
154.7959 	EXP 	fixation: autoDraw = True
155.7952 	EXP 	fixation: autoDraw = False
155.7952 	EXP 	grating: autoDraw = True
156.0952 	EXP 	grating: autoDraw = False
157.0003 	EXP 	New trial (rep=68, index=0): None
157.0019 	DATA 	Keypress: down
157.0118 	EXP 	fixation: autoDraw = False
157.0118 	EXP 	grating: autoDraw = False
157.0118 	EXP 	grating: ori = 0.0
157.0118 	EXP 	fixation: autoDraw = True
158.0118 	EXP 	fixation: autoDraw = False
158.0118 	EXP 	grating: autoDraw = True
158.3112 	EXP 	grating: autoDraw = False
158.7344 	EXP 	New trial (rep=69, index=0): None
158.7368 	DATA 	Keypress: up
158.7448 	EXP 	fixation: autoDraw = False
158.7448 	EXP 	grating: autoDraw = False
158.7448 	EXP 	grating: ori = 0.0
158.7448 	EXP 	fixation: autoDraw = True
159.7444 	EXP 	fixation: autoDraw = False
159.7444 	EXP 	grating: autoDraw = True
160.0441 	EXP 	grating: autoDraw = False
160.2973 	EXP 	New trial (rep=70, index=0): None
160.2989 	DATA 	Keypress: up
160.3108 	EXP 	fixation: autoDraw = False
160.3108 	EXP 	grating: autoDraw = False
160.3108 	EXP 	grating: ori = -2.0
160.3108 	EXP 	fixation: autoDraw = True
161.3110 	EXP 	fixation: autoDraw = False
161.3110 	EXP 	grating: autoDraw = True
161.6106 	EXP 	grating: autoDraw = False
162.3481 	EXP 	New trial (rep=71, index=0): None
162.3498 	DATA 	Keypress: down
162.3605 	EXP 	fixation: autoDraw = False
162.3605 	EXP 	grating: autoDraw = False
162.3605 	EXP 	grating: ori = 0.0
162.3605 	EXP 	fixation: autoDraw = True
163.3605 	EXP 	fixation: autoDraw = False
163.3605 	EXP 	grating: autoDraw = True
163.6599 	EXP 	grating: autoDraw = False
164.1996 	EXP 	New trial (rep=72, index=0): None
164.2017 	DATA 	Keypress: up
164.2099 	EXP 	fixation: autoDraw = False
164.2099 	EXP 	grating: autoDraw = False
164.2099 	EXP 	grating: ori = 2.0
164.2099 	EXP 	fixation: autoDraw = True
165.2099 	EXP 	fixation: autoDraw = False
165.2099 	EXP 	grating: autoDraw = True
165.5097 	EXP 	grating: autoDraw = False
165.9137 	EXP 	New trial (rep=73, index=0): None
165.9152 	DATA 	Keypress: up
165.9260 	EXP 	fixation: autoDraw = False
165.9260 	EXP 	grating: autoDraw = False
165.9260 	EXP 	grating: ori = -1.0
165.9260 	EXP 	fixation: autoDraw = True
166.9261 	EXP 	fixation: autoDraw = False
166.9261 	EXP 	grating: autoDraw = True
167.2259 	EXP 	grating: autoDraw = False
167.7815 	EXP 	New trial (rep=74, index=0): None
167.7832 	DATA 	Keypress: down
167.7925 	EXP 	fixation: autoDraw = False
167.7925 	EXP 	grating: autoDraw = False
167.7925 	EXP 	grating: ori = 0.0
167.7925 	EXP 	fixation: autoDraw = True
168.7927 	EXP 	fixation: autoDraw = False
168.7927 	EXP 	grating: autoDraw = True
169.0921 	EXP 	grating: autoDraw = False
169.7471 	EXP 	New trial (rep=75, index=0): None
169.7488 	DATA 	Keypress: down
169.7585 	EXP 	fixation: autoDraw = False
169.7585 	EXP 	grating: autoDraw = False
169.7585 	EXP 	grating: ori = 0.0
169.7585 	EXP 	fixation: autoDraw = True
170.7588 	EXP 	fixation: autoDraw = False
170.7588 	EXP 	grating: autoDraw = True
171.0584 	EXP 	grating: autoDraw = False
171.5649 	EXP 	New trial (rep=76, index=0): None
171.5663 	DATA 	Keypress: up
171.5750 	EXP 	fixation: autoDraw = False
171.5750 	EXP 	grating: autoDraw = False
171.5750 	EXP 	grating: ori = 0.0
171.5750 	EXP 	fixation: autoDraw = True
172.5747 	EXP 	fixation: autoDraw = False
172.5747 	EXP 	grating: autoDraw = True
172.8746 	EXP 	grating: autoDraw = False
173.2487 	EXP 	New trial (rep=77, index=0): None
173.2504 	DATA 	Keypress: up
173.2577 	EXP 	fixation: autoDraw = False
173.2577 	EXP 	grating: autoDraw = False
173.2577 	EXP 	grating: ori = 2.0
173.2577 	EXP 	fixation: autoDraw = True
174.2575 	EXP 	fixation: autoDraw = False
174.2575 	EXP 	grating: autoDraw = True
174.5577 	EXP 	grating: autoDraw = False
174.8969 	EXP 	New trial (rep=78, index=0): None
174.8986 	DATA 	Keypress: up
174.9075 	EXP 	fixation: autoDraw = False
174.9075 	EXP 	grating: autoDraw = False
174.9075 	EXP 	grating: ori = -4.0
174.9075 	EXP 	fixation: autoDraw = True
175.9073 	EXP 	fixation: autoDraw = False
175.9073 	EXP 	grating: autoDraw = True
176.2073 	EXP 	grating: autoDraw = False
176.4111 	EXP 	New trial (rep=79, index=0): None
176.4124 	DATA 	Keypress: up
176.4236 	EXP 	fixation: autoDraw = False
176.4236 	EXP 	grating: autoDraw = False
176.4236 	EXP 	grating: ori = 0.0
176.4236 	EXP 	fixation: autoDraw = True
177.4239 	EXP 	fixation: autoDraw = False
177.4239 	EXP 	grating: autoDraw = True
177.7233 	EXP 	grating: autoDraw = False
178.0626 	EXP 	New trial (rep=80, index=0): None
178.0651 	DATA 	Keypress: up
178.0734 	EXP 	fixation: autoDraw = False
178.0734 	EXP 	grating: autoDraw = False
178.0734 	EXP 	grating: ori = 0.0
178.0734 	EXP 	fixation: autoDraw = True
179.0735 	EXP 	fixation: autoDraw = False
179.0735 	EXP 	grating: autoDraw = True
179.3732 	EXP 	grating: autoDraw = False
179.6616 	EXP 	New trial (rep=81, index=0): None
179.6631 	DATA 	Keypress: up
179.6730 	EXP 	fixation: autoDraw = False
179.6730 	EXP 	grating: autoDraw = False
179.6730 	EXP 	grating: ori = -5.0
179.6730 	EXP 	fixation: autoDraw = True
180.6728 	EXP 	fixation: autoDraw = False
180.6728 	EXP 	grating: autoDraw = True
180.9725 	EXP 	grating: autoDraw = False
181.5623 	EXP 	New trial (rep=82, index=0): None
181.5645 	DATA 	Keypress: down
181.5724 	EXP 	fixation: autoDraw = False
181.5724 	EXP 	grating: autoDraw = False
181.5724 	EXP 	grating: ori = 0.0
181.5724 	EXP 	fixation: autoDraw = True
182.5722 	EXP 	fixation: autoDraw = False
182.5722 	EXP 	grating: autoDraw = True
182.8721 	EXP 	grating: autoDraw = False
183.1450 	EXP 	New trial (rep=83, index=0): None
183.1466 	DATA 	Keypress: up
183.1555 	EXP 	fixation: autoDraw = False
183.1555 	EXP 	grating: autoDraw = False
183.1555 	EXP 	grating: ori = 0.0
183.1555 	EXP 	fixation: autoDraw = True
184.1551 	EXP 	fixation: autoDraw = False
184.1551 	EXP 	grating: autoDraw = True
184.4551 	EXP 	grating: autoDraw = False
184.7588 	DATA 	Keypress: up
184.7795 	EXP 	New trial (rep=84, index=0): None
184.7885 	EXP 	fixation: autoDraw = False
184.7885 	EXP 	grating: autoDraw = False
184.7885 	EXP 	grating: ori = 1.0
184.7885 	EXP 	fixation: autoDraw = True
185.7884 	EXP 	fixation: autoDraw = False
185.7884 	EXP 	grating: autoDraw = True
186.0880 	EXP 	grating: autoDraw = False
186.2590 	EXP 	New trial (rep=85, index=0): None
186.2603 	DATA 	Keypress: up
186.2717 	EXP 	fixation: autoDraw = False
186.2717 	EXP 	grating: autoDraw = False
186.2717 	EXP 	grating: ori = 1.0
186.2717 	EXP 	fixation: autoDraw = True
187.2711 	EXP 	fixation: autoDraw = False
187.2711 	EXP 	grating: autoDraw = True
187.5714 	EXP 	grating: autoDraw = False
187.8422 	EXP 	New trial (rep=86, index=0): None
187.8435 	DATA 	Keypress: up
187.8541 	EXP 	fixation: autoDraw = False
187.8541 	EXP 	grating: autoDraw = False
187.8541 	EXP 	grating: ori = 0.0
187.8541 	EXP 	fixation: autoDraw = True
188.8543 	EXP 	fixation: autoDraw = False
188.8543 	EXP 	grating: autoDraw = True
189.1538 	EXP 	grating: autoDraw = False
189.2932 	EXP 	New trial (rep=87, index=0): None
189.2953 	DATA 	Keypress: up
189.3038 	EXP 	fixation: autoDraw = False
189.3038 	EXP 	grating: autoDraw = False
189.3038 	EXP 	grating: ori = -4.0
189.3038 	EXP 	fixation: autoDraw = True
190.3041 	EXP 	fixation: autoDraw = False
190.3041 	EXP 	grating: autoDraw = True
190.6034 	EXP 	grating: autoDraw = False
190.6938 	EXP 	New trial (rep=88, index=0): None
190.6956 	DATA 	Keypress: up
190.7040 	EXP 	fixation: autoDraw = False
190.7040 	EXP 	grating: autoDraw = False
190.7040 	EXP 	grating: ori = 0.0
190.7040 	EXP 	fixation: autoDraw = True
191.7034 	EXP 	fixation: autoDraw = False
191.7034 	EXP 	grating: autoDraw = True
192.0031 	EXP 	grating: autoDraw = False
192.2590 	EXP 	New trial (rep=89, index=0): None
192.2624 	DATA 	Keypress: up
192.2697 	EXP 	fixation: autoDraw = False
192.2697 	EXP 	grating: autoDraw = False
192.2697 	EXP 	grating: ori = -4.0
192.2697 	EXP 	fixation: autoDraw = True
193.2697 	EXP 	fixation: autoDraw = False
193.2697 	EXP 	grating: autoDraw = True
193.5694 	EXP 	grating: autoDraw = False
193.6749 	EXP 	New trial (rep=90, index=0): None
193.6764 	DATA 	Keypress: up
193.6864 	EXP 	fixation: autoDraw = False
193.6864 	EXP 	grating: autoDraw = False
193.6864 	EXP 	grating: ori = -1.0
193.6864 	EXP 	fixation: autoDraw = True
194.6861 	EXP 	fixation: autoDraw = False
194.6861 	EXP 	grating: autoDraw = True
194.9860 	EXP 	grating: autoDraw = False
195.2412 	EXP 	New trial (rep=91, index=0): None
195.2429 	DATA 	Keypress: up
195.2526 	EXP 	fixation: autoDraw = False
195.2526 	EXP 	grating: autoDraw = False
195.2526 	EXP 	grating: ori = 0.0
195.2526 	EXP 	fixation: autoDraw = True
196.2524 	EXP 	fixation: autoDraw = False
196.2524 	EXP 	grating: autoDraw = True
196.5522 	EXP 	grating: autoDraw = False
196.6908 	EXP 	New trial (rep=92, index=0): None
196.6927 	DATA 	Keypress: up
196.7020 	EXP 	fixation: autoDraw = False
196.7020 	EXP 	grating: autoDraw = False
196.7020 	EXP 	grating: ori = 0.0
196.7020 	EXP 	fixation: autoDraw = True
197.7026 	EXP 	fixation: autoDraw = False
197.7026 	EXP 	grating: autoDraw = True
198.0021 	EXP 	grating: autoDraw = False
198.1887 	EXP 	New trial (rep=93, index=0): None
198.1901 	DATA 	Keypress: up
198.2018 	EXP 	fixation: autoDraw = False
198.2018 	EXP 	grating: autoDraw = False
198.2018 	EXP 	grating: ori = 0.0
198.2018 	EXP 	fixation: autoDraw = True
199.2016 	EXP 	fixation: autoDraw = False
199.2016 	EXP 	grating: autoDraw = True
199.5015 	EXP 	grating: autoDraw = False
199.6409 	EXP 	New trial (rep=94, index=0): None
199.6436 	DATA 	Keypress: up
199.6515 	EXP 	fixation: autoDraw = False
199.6515 	EXP 	grating: autoDraw = False
199.6515 	EXP 	grating: ori = 0.0
199.6515 	EXP 	fixation: autoDraw = True
200.6517 	EXP 	fixation: autoDraw = False
200.6517 	EXP 	grating: autoDraw = True
200.9511 	EXP 	grating: autoDraw = False
201.0550 	EXP 	New trial (rep=95, index=0): None
201.0567 	DATA 	Keypress: up
201.0676 	EXP 	fixation: autoDraw = False
201.0676 	EXP 	grating: autoDraw = False
201.0676 	EXP 	grating: ori = 0.0
201.0676 	EXP 	fixation: autoDraw = True
202.0681 	EXP 	fixation: autoDraw = False
202.0681 	EXP 	grating: autoDraw = True
202.3674 	EXP 	grating: autoDraw = False
202.7545 	EXP 	New trial (rep=96, index=0): None
202.7561 	DATA 	Keypress: down
202.7673 	EXP 	fixation: autoDraw = False
202.7673 	EXP 	grating: autoDraw = False
202.7673 	EXP 	grating: ori = -3.0
202.7673 	EXP 	fixation: autoDraw = True
203.7673 	EXP 	fixation: autoDraw = False
203.7673 	EXP 	grating: autoDraw = True
204.0672 	EXP 	grating: autoDraw = False
204.2558 	EXP 	New trial (rep=97, index=0): None
204.2574 	DATA 	Keypress: down
204.2675 	EXP 	fixation: autoDraw = False
204.2675 	EXP 	grating: autoDraw = False
204.2675 	EXP 	grating: ori = 0.0
204.2675 	EXP 	fixation: autoDraw = True
205.2674 	EXP 	fixation: autoDraw = False
205.2674 	EXP 	grating: autoDraw = True
205.5666 	EXP 	grating: autoDraw = False
205.7223 	EXP 	New trial (rep=98, index=0): None
205.7240 	DATA 	Keypress: down
205.7336 	EXP 	fixation: autoDraw = False
205.7336 	EXP 	grating: autoDraw = False
205.7336 	EXP 	grating: ori = 0.0
205.7336 	EXP 	fixation: autoDraw = True
206.7337 	EXP 	fixation: autoDraw = False
206.7337 	EXP 	grating: autoDraw = True
207.0329 	EXP 	grating: autoDraw = False
207.1889 	EXP 	New trial (rep=99, index=0): None
207.1906 	DATA 	Keypress: down
207.1997 	EXP 	fixation: autoDraw = False
207.1997 	EXP 	grating: autoDraw = False
207.1997 	EXP 	grating: ori = -1.0
207.1997 	EXP 	fixation: autoDraw = True
208.2000 	EXP 	fixation: autoDraw = False
208.2000 	EXP 	grating: autoDraw = True
208.4996 	EXP 	grating: autoDraw = False
208.7204 	DATA 	Keypress: down
208.7326 	EXP 	fixation: autoDraw = False
208.7326 	EXP 	grating: autoDraw = False
211.6534 	EXP 	window1: mouseVisible = True
